INFO:aiogram.dispatcher:Start polling
INFO:aiogram.dispatcher:Run polling for bot @test_dev_shop_bot id=6786014112 - 'Test Development'
INFO:aiogram.event:Update id=321271264 is handled. Duration 313 ms by bot id=6786014112
INFO:aiogram.event:Update id=321271265 is not handled. Duration 0 ms by bot id=6786014112
INFO:aiogram.event:Update id=321271266 is handled. Duration 702 ms by bot id=6786014112
INFO:aiogram.event:Update id=321271267 is handled. Duration 561 ms by bot id=6786014112
INFO:root:New user
INFO:aiogram.event:Update id=321271268 is handled. Duration 172 ms by bot id=6786014112
INFO:aiogram.event:Update id=321271269 is handled. Duration 297 ms by bot id=6786014112
INFO:aiogram.event:Update id=321271270 is handled. Duration 186 ms by bot id=6786014112
INFO:aiogram.event:Update id=321271271 is handled. Duration 171 ms by bot id=6786014112
INFO:aiogram.event:Update id=321271272 is handled. Duration 155 ms by bot id=6786014112
INFO:aiogram.event:Update id=321271273 is not handled. Duration 657 ms by bot id=6786014112
ERROR:aiogram.event:Cause exception while process update id=321271273 by bot id=6786014112
Exception: Main bot api not found
Traceback (most recent call last):
  File "C:\Users\Артем\TelegramParserShop\venv\MarvelTeamBot\Lib\site-packages\aiogram\dispatcher\dispatcher.py", line 309, in _process_update
    response = await self.feed_update(bot, update, **kwargs)
               ^^^^^^^^^^^^^^^^^^^^^^^^^^^^^^^^^^^^^^^^^^^^^
  File "C:\Users\Артем\TelegramParserShop\venv\MarvelTeamBot\Lib\site-packages\aiogram\dispatcher\dispatcher.py", line 158, in feed_update
    response = await self.update.wrap_outer_middleware(
               ^^^^^^^^^^^^^^^^^^^^^^^^^^^^^^^^^^^^^^^^
  File "C:\Users\Артем\TelegramParserShop\venv\MarvelTeamBot\Lib\site-packages\aiogram\dispatcher\middlewares\error.py", line 25, in __call__
    return await handler(event, data)
           ^^^^^^^^^^^^^^^^^^^^^^^^^^
  File "C:\Users\Артем\TelegramParserShop\venv\MarvelTeamBot\Lib\site-packages\aiogram\dispatcher\middlewares\user_context.py", line 49, in __call__
    return await handler(event, data)
           ^^^^^^^^^^^^^^^^^^^^^^^^^^
  File "C:\Users\Артем\TelegramParserShop\venv\MarvelTeamBot\Lib\site-packages\aiogram\fsm\middleware.py", line 42, in __call__
    return await handler(event, data)
           ^^^^^^^^^^^^^^^^^^^^^^^^^^
  File "C:\Users\Артем\TelegramParserShop\venv\MarvelTeamBot\Lib\site-packages\aiogram\dispatcher\event\telegram.py", line 121, in trigger
    return await wrapped_inner(event, kwargs)
           ^^^^^^^^^^^^^^^^^^^^^^^^^^^^^^^^^^
  File "C:\Users\Артем\TelegramParserShop\venv\MarvelTeamBot\Lib\site-packages\aiogram\dispatcher\event\handler.py", line 43, in call
    return await wrapped()
           ^^^^^^^^^^^^^^^
  File "C:\Users\Артем\TelegramParserShop\venv\MarvelTeamBot\Lib\site-packages\aiogram\dispatcher\dispatcher.py", line 276, in _listen_update
    return await self.propagate_event(update_type=update_type, event=event, **kwargs)
           ^^^^^^^^^^^^^^^^^^^^^^^^^^^^^^^^^^^^^^^^^^^^^^^^^^^^^^^^^^^^^^^^^^^^^^^^^^
  File "C:\Users\Артем\TelegramParserShop\venv\MarvelTeamBot\Lib\site-packages\aiogram\dispatcher\router.py", line 142, in propagate_event
    return await observer.wrap_outer_middleware(_wrapped, event=event, data=kwargs)
           ^^^^^^^^^^^^^^^^^^^^^^^^^^^^^^^^^^^^^^^^^^^^^^^^^^^^^^^^^^^^^^^^^^^^^^^^
  File "C:\Users\Артем\TelegramParserShop\venv\MarvelTeamBot\Lib\site-packages\aiogram\dispatcher\router.py", line 137, in _wrapped
    return await self._propagate_event(
           ^^^^^^^^^^^^^^^^^^^^^^^^^^^^
  File "C:\Users\Артем\TelegramParserShop\venv\MarvelTeamBot\Lib\site-packages\aiogram\dispatcher\router.py", line 170, in _propagate_event
    response = await router.propagate_event(update_type=update_type, event=event, **kwargs)
               ^^^^^^^^^^^^^^^^^^^^^^^^^^^^^^^^^^^^^^^^^^^^^^^^^^^^^^^^^^^^^^^^^^^^^^^^^^^^
  File "C:\Users\Артем\TelegramParserShop\venv\MarvelTeamBot\Lib\site-packages\aiogram\dispatcher\router.py", line 142, in propagate_event
    return await observer.wrap_outer_middleware(_wrapped, event=event, data=kwargs)
           ^^^^^^^^^^^^^^^^^^^^^^^^^^^^^^^^^^^^^^^^^^^^^^^^^^^^^^^^^^^^^^^^^^^^^^^^
  File "C:\Users\Артем\TelegramParserShop\venv\MarvelTeamBot\Lib\site-packages\aiogram\dispatcher\router.py", line 137, in _wrapped
    return await self._propagate_event(
           ^^^^^^^^^^^^^^^^^^^^^^^^^^^^
  File "C:\Users\Артем\TelegramParserShop\venv\MarvelTeamBot\Lib\site-packages\aiogram\dispatcher\router.py", line 162, in _propagate_event
    response = await observer.trigger(event, **kwargs)
               ^^^^^^^^^^^^^^^^^^^^^^^^^^^^^^^^^^^^^^^
  File "C:\Users\Артем\TelegramParserShop\venv\MarvelTeamBot\Lib\site-packages\aiogram\dispatcher\event\telegram.py", line 121, in trigger
    return await wrapped_inner(event, kwargs)
           ^^^^^^^^^^^^^^^^^^^^^^^^^^^^^^^^^^
  File "C:\Users\Артем\MarvelTeamBot\nft_bot\middlewares.py", line 54, in __call__
    result = await handler(event, data)
             ^^^^^^^^^^^^^^^^^^^^^^^^^^
  File "C:\Users\Артем\MarvelTeamBot\nft_bot\middlewares.py", line 54, in __call__
    result = await handler(event, data)
             ^^^^^^^^^^^^^^^^^^^^^^^^^^
  File "C:\Users\Артем\TelegramParserShop\venv\MarvelTeamBot\Lib\site-packages\aiogram\dispatcher\event\handler.py", line 43, in call
    return await wrapped()
           ^^^^^^^^^^^^^^^
  File "C:\Users\Артем\MarvelTeamBot\nft_bot\main_handlers\profile_handlers.py", line 368, in choose_crypto
    payment_props = await main_bot_api_client.get_payment_props()
                    ^^^^^^^^^^^^^^^^^^^^^^^^^^^^^^^^^^^^^^^^^^^^^
  File "C:\Users\Артем\MarvelTeamBot\nft_bot\utils\main_bot_api_client.py", line 55, in get_payment_props
    raise Exception('Main bot api not found')
Exception: Main bot api not found
INFO:aiogram.event:Update id=321271274 is not handled. Duration 358 ms by bot id=6786014112
ERROR:aiogram.event:Cause exception while process update id=321271274 by bot id=6786014112
Exception: Main bot api not found
Traceback (most recent call last):
  File "C:\Users\Артем\TelegramParserShop\venv\MarvelTeamBot\Lib\site-packages\aiogram\dispatcher\dispatcher.py", line 309, in _process_update
    response = await self.feed_update(bot, update, **kwargs)
               ^^^^^^^^^^^^^^^^^^^^^^^^^^^^^^^^^^^^^^^^^^^^^
  File "C:\Users\Артем\TelegramParserShop\venv\MarvelTeamBot\Lib\site-packages\aiogram\dispatcher\dispatcher.py", line 158, in feed_update
    response = await self.update.wrap_outer_middleware(
               ^^^^^^^^^^^^^^^^^^^^^^^^^^^^^^^^^^^^^^^^
  File "C:\Users\Артем\TelegramParserShop\venv\MarvelTeamBot\Lib\site-packages\aiogram\dispatcher\middlewares\error.py", line 25, in __call__
    return await handler(event, data)
           ^^^^^^^^^^^^^^^^^^^^^^^^^^
  File "C:\Users\Артем\TelegramParserShop\venv\MarvelTeamBot\Lib\site-packages\aiogram\dispatcher\middlewares\user_context.py", line 49, in __call__
    return await handler(event, data)
           ^^^^^^^^^^^^^^^^^^^^^^^^^^
  File "C:\Users\Артем\TelegramParserShop\venv\MarvelTeamBot\Lib\site-packages\aiogram\fsm\middleware.py", line 42, in __call__
    return await handler(event, data)
           ^^^^^^^^^^^^^^^^^^^^^^^^^^
  File "C:\Users\Артем\TelegramParserShop\venv\MarvelTeamBot\Lib\site-packages\aiogram\dispatcher\event\telegram.py", line 121, in trigger
    return await wrapped_inner(event, kwargs)
           ^^^^^^^^^^^^^^^^^^^^^^^^^^^^^^^^^^
  File "C:\Users\Артем\TelegramParserShop\venv\MarvelTeamBot\Lib\site-packages\aiogram\dispatcher\event\handler.py", line 43, in call
    return await wrapped()
           ^^^^^^^^^^^^^^^
  File "C:\Users\Артем\TelegramParserShop\venv\MarvelTeamBot\Lib\site-packages\aiogram\dispatcher\dispatcher.py", line 276, in _listen_update
    return await self.propagate_event(update_type=update_type, event=event, **kwargs)
           ^^^^^^^^^^^^^^^^^^^^^^^^^^^^^^^^^^^^^^^^^^^^^^^^^^^^^^^^^^^^^^^^^^^^^^^^^^
  File "C:\Users\Артем\TelegramParserShop\venv\MarvelTeamBot\Lib\site-packages\aiogram\dispatcher\router.py", line 142, in propagate_event
    return await observer.wrap_outer_middleware(_wrapped, event=event, data=kwargs)
           ^^^^^^^^^^^^^^^^^^^^^^^^^^^^^^^^^^^^^^^^^^^^^^^^^^^^^^^^^^^^^^^^^^^^^^^^
  File "C:\Users\Артем\TelegramParserShop\venv\MarvelTeamBot\Lib\site-packages\aiogram\dispatcher\router.py", line 137, in _wrapped
    return await self._propagate_event(
           ^^^^^^^^^^^^^^^^^^^^^^^^^^^^
  File "C:\Users\Артем\TelegramParserShop\venv\MarvelTeamBot\Lib\site-packages\aiogram\dispatcher\router.py", line 170, in _propagate_event
    response = await router.propagate_event(update_type=update_type, event=event, **kwargs)
               ^^^^^^^^^^^^^^^^^^^^^^^^^^^^^^^^^^^^^^^^^^^^^^^^^^^^^^^^^^^^^^^^^^^^^^^^^^^^
  File "C:\Users\Артем\TelegramParserShop\venv\MarvelTeamBot\Lib\site-packages\aiogram\dispatcher\router.py", line 142, in propagate_event
    return await observer.wrap_outer_middleware(_wrapped, event=event, data=kwargs)
           ^^^^^^^^^^^^^^^^^^^^^^^^^^^^^^^^^^^^^^^^^^^^^^^^^^^^^^^^^^^^^^^^^^^^^^^^
  File "C:\Users\Артем\TelegramParserShop\venv\MarvelTeamBot\Lib\site-packages\aiogram\dispatcher\router.py", line 137, in _wrapped
    return await self._propagate_event(
           ^^^^^^^^^^^^^^^^^^^^^^^^^^^^
  File "C:\Users\Артем\TelegramParserShop\venv\MarvelTeamBot\Lib\site-packages\aiogram\dispatcher\router.py", line 162, in _propagate_event
    response = await observer.trigger(event, **kwargs)
               ^^^^^^^^^^^^^^^^^^^^^^^^^^^^^^^^^^^^^^^
  File "C:\Users\Артем\TelegramParserShop\venv\MarvelTeamBot\Lib\site-packages\aiogram\dispatcher\event\telegram.py", line 121, in trigger
    return await wrapped_inner(event, kwargs)
           ^^^^^^^^^^^^^^^^^^^^^^^^^^^^^^^^^^
  File "C:\Users\Артем\MarvelTeamBot\nft_bot\middlewares.py", line 54, in __call__
    result = await handler(event, data)
             ^^^^^^^^^^^^^^^^^^^^^^^^^^
  File "C:\Users\Артем\MarvelTeamBot\nft_bot\middlewares.py", line 54, in __call__
    result = await handler(event, data)
             ^^^^^^^^^^^^^^^^^^^^^^^^^^
  File "C:\Users\Артем\TelegramParserShop\venv\MarvelTeamBot\Lib\site-packages\aiogram\dispatcher\event\handler.py", line 43, in call
    return await wrapped()
           ^^^^^^^^^^^^^^^
  File "C:\Users\Артем\MarvelTeamBot\nft_bot\main_handlers\profile_handlers.py", line 368, in choose_crypto
    payment_props = await main_bot_api_client.get_payment_props()
                    ^^^^^^^^^^^^^^^^^^^^^^^^^^^^^^^^^^^^^^^^^^^^^
  File "C:\Users\Артем\MarvelTeamBot\nft_bot\utils\main_bot_api_client.py", line 55, in get_payment_props
    raise Exception('Main bot api not found')
Exception: Main bot api not found
INFO:aiogram.event:Update id=321271275 is handled. Duration 391 ms by bot id=6786014112
INFO:aiogram.event:Update id=321271276 is handled. Duration 406 ms by bot id=6786014112
INFO:aiogram.event:Update id=321271277 is handled. Duration 186 ms by bot id=6786014112
INFO:aiogram.event:Update id=321271278 is handled. Duration 358 ms by bot id=6786014112
INFO:aiogram.event:Update id=321271279 is handled. Duration 186 ms by bot id=6786014112
INFO:aiogram.event:Update id=321271280 is handled. Duration 266 ms by bot id=6786014112
INFO:aiogram.event:Update id=321271281 is handled. Duration 313 ms by bot id=6786014112
INFO:aiogram.event:Update id=321271282 is not handled. Duration 311 ms by bot id=6786014112
ERROR:aiogram.event:Cause exception while process update id=321271282 by bot id=6786014112
Exception: Main bot api not found
Traceback (most recent call last):
  File "C:\Users\Артем\TelegramParserShop\venv\MarvelTeamBot\Lib\site-packages\aiogram\dispatcher\dispatcher.py", line 309, in _process_update
    response = await self.feed_update(bot, update, **kwargs)
               ^^^^^^^^^^^^^^^^^^^^^^^^^^^^^^^^^^^^^^^^^^^^^
  File "C:\Users\Артем\TelegramParserShop\venv\MarvelTeamBot\Lib\site-packages\aiogram\dispatcher\dispatcher.py", line 158, in feed_update
    response = await self.update.wrap_outer_middleware(
               ^^^^^^^^^^^^^^^^^^^^^^^^^^^^^^^^^^^^^^^^
  File "C:\Users\Артем\TelegramParserShop\venv\MarvelTeamBot\Lib\site-packages\aiogram\dispatcher\middlewares\error.py", line 25, in __call__
    return await handler(event, data)
           ^^^^^^^^^^^^^^^^^^^^^^^^^^
  File "C:\Users\Артем\TelegramParserShop\venv\MarvelTeamBot\Lib\site-packages\aiogram\dispatcher\middlewares\user_context.py", line 49, in __call__
    return await handler(event, data)
           ^^^^^^^^^^^^^^^^^^^^^^^^^^
  File "C:\Users\Артем\TelegramParserShop\venv\MarvelTeamBot\Lib\site-packages\aiogram\fsm\middleware.py", line 42, in __call__
    return await handler(event, data)
           ^^^^^^^^^^^^^^^^^^^^^^^^^^
  File "C:\Users\Артем\TelegramParserShop\venv\MarvelTeamBot\Lib\site-packages\aiogram\dispatcher\event\telegram.py", line 121, in trigger
    return await wrapped_inner(event, kwargs)
           ^^^^^^^^^^^^^^^^^^^^^^^^^^^^^^^^^^
  File "C:\Users\Артем\TelegramParserShop\venv\MarvelTeamBot\Lib\site-packages\aiogram\dispatcher\event\handler.py", line 43, in call
    return await wrapped()
           ^^^^^^^^^^^^^^^
  File "C:\Users\Артем\TelegramParserShop\venv\MarvelTeamBot\Lib\site-packages\aiogram\dispatcher\dispatcher.py", line 276, in _listen_update
    return await self.propagate_event(update_type=update_type, event=event, **kwargs)
           ^^^^^^^^^^^^^^^^^^^^^^^^^^^^^^^^^^^^^^^^^^^^^^^^^^^^^^^^^^^^^^^^^^^^^^^^^^
  File "C:\Users\Артем\TelegramParserShop\venv\MarvelTeamBot\Lib\site-packages\aiogram\dispatcher\router.py", line 142, in propagate_event
    return await observer.wrap_outer_middleware(_wrapped, event=event, data=kwargs)
           ^^^^^^^^^^^^^^^^^^^^^^^^^^^^^^^^^^^^^^^^^^^^^^^^^^^^^^^^^^^^^^^^^^^^^^^^
  File "C:\Users\Артем\TelegramParserShop\venv\MarvelTeamBot\Lib\site-packages\aiogram\dispatcher\router.py", line 137, in _wrapped
    return await self._propagate_event(
           ^^^^^^^^^^^^^^^^^^^^^^^^^^^^
  File "C:\Users\Артем\TelegramParserShop\venv\MarvelTeamBot\Lib\site-packages\aiogram\dispatcher\router.py", line 170, in _propagate_event
    response = await router.propagate_event(update_type=update_type, event=event, **kwargs)
               ^^^^^^^^^^^^^^^^^^^^^^^^^^^^^^^^^^^^^^^^^^^^^^^^^^^^^^^^^^^^^^^^^^^^^^^^^^^^
  File "C:\Users\Артем\TelegramParserShop\venv\MarvelTeamBot\Lib\site-packages\aiogram\dispatcher\router.py", line 142, in propagate_event
    return await observer.wrap_outer_middleware(_wrapped, event=event, data=kwargs)
           ^^^^^^^^^^^^^^^^^^^^^^^^^^^^^^^^^^^^^^^^^^^^^^^^^^^^^^^^^^^^^^^^^^^^^^^^
  File "C:\Users\Артем\TelegramParserShop\venv\MarvelTeamBot\Lib\site-packages\aiogram\dispatcher\router.py", line 137, in _wrapped
    return await self._propagate_event(
           ^^^^^^^^^^^^^^^^^^^^^^^^^^^^
  File "C:\Users\Артем\TelegramParserShop\venv\MarvelTeamBot\Lib\site-packages\aiogram\dispatcher\router.py", line 162, in _propagate_event
    response = await observer.trigger(event, **kwargs)
               ^^^^^^^^^^^^^^^^^^^^^^^^^^^^^^^^^^^^^^^
  File "C:\Users\Артем\TelegramParserShop\venv\MarvelTeamBot\Lib\site-packages\aiogram\dispatcher\event\telegram.py", line 121, in trigger
    return await wrapped_inner(event, kwargs)
           ^^^^^^^^^^^^^^^^^^^^^^^^^^^^^^^^^^
  File "C:\Users\Артем\MarvelTeamBot\nft_bot\middlewares.py", line 54, in __call__
    result = await handler(event, data)
             ^^^^^^^^^^^^^^^^^^^^^^^^^^
  File "C:\Users\Артем\MarvelTeamBot\nft_bot\middlewares.py", line 54, in __call__
    result = await handler(event, data)
             ^^^^^^^^^^^^^^^^^^^^^^^^^^
  File "C:\Users\Артем\TelegramParserShop\venv\MarvelTeamBot\Lib\site-packages\aiogram\dispatcher\event\handler.py", line 43, in call
    return await wrapped()
           ^^^^^^^^^^^^^^^
  File "C:\Users\Артем\MarvelTeamBot\nft_bot\main_handlers\profile_handlers.py", line 368, in choose_crypto
    payment_props = await main_bot_api_client.get_payment_props()
                    ^^^^^^^^^^^^^^^^^^^^^^^^^^^^^^^^^^^^^^^^^^^^^
  File "C:\Users\Артем\MarvelTeamBot\nft_bot\utils\main_bot_api_client.py", line 55, in get_payment_props
    raise Exception('Main bot api not found')
Exception: Main bot api not found
ERROR:asyncio:Unclosed client session
client_session: <aiohttp.client.ClientSession object at 0x000001E67D6EEE40>
ERROR:asyncio:Unclosed connector
connections: ['[(<aiohttp.client_proto.ResponseHandler object at 0x000001E67D6F5D90>, 402271.25)]']
connector: <aiohttp.connector.TCPConnector object at 0x000001E67D52BA10>
ERROR:asyncio:Unclosed client session
client_session: <aiohttp.client.ClientSession object at 0x000001E67D6EE720>
INFO:aiogram.dispatcher:Start polling
INFO:aiogram.dispatcher:Run polling for bot @test_dev_shop_bot id=6786014112 - 'Test Development'
INFO:aiogram.event:Update id=321271286 is handled. Duration 608 ms by bot id=6786014112
INFO:aiogram.event:Update id=321271284 is handled. Duration 657 ms by bot id=6786014112
INFO:aiogram.event:Update id=321271285 is handled. Duration 733 ms by bot id=6786014112
INFO:aiogram.event:Update id=321271283 is handled. Duration 813 ms by bot id=6786014112
INFO:aiogram.event:Update id=321271287 is handled. Duration 452 ms by bot id=6786014112
INFO:aiogram.event:Update id=321271288 is handled. Duration 360 ms by bot id=6786014112
INFO:aiogram.event:Update id=321271289 is handled. Duration 250 ms by bot id=6786014112
INFO:aiogram.event:Update id=321271290 is handled. Duration 171 ms by bot id=6786014112
INFO:aiogram.event:Update id=321271291 is not handled. Duration 500 ms by bot id=6786014112
ERROR:aiogram.event:Cause exception while process update id=321271291 by bot id=6786014112
KeyError: 'crypto_min_prices'
Traceback (most recent call last):
  File "C:\Users\Артем\TelegramParserShop\venv\MarvelTeamBot\Lib\site-packages\aiogram\dispatcher\dispatcher.py", line 309, in _process_update
    response = await self.feed_update(bot, update, **kwargs)
               ^^^^^^^^^^^^^^^^^^^^^^^^^^^^^^^^^^^^^^^^^^^^^
  File "C:\Users\Артем\TelegramParserShop\venv\MarvelTeamBot\Lib\site-packages\aiogram\dispatcher\dispatcher.py", line 158, in feed_update
    response = await self.update.wrap_outer_middleware(
               ^^^^^^^^^^^^^^^^^^^^^^^^^^^^^^^^^^^^^^^^
  File "C:\Users\Артем\TelegramParserShop\venv\MarvelTeamBot\Lib\site-packages\aiogram\dispatcher\middlewares\error.py", line 25, in __call__
    return await handler(event, data)
           ^^^^^^^^^^^^^^^^^^^^^^^^^^
  File "C:\Users\Артем\TelegramParserShop\venv\MarvelTeamBot\Lib\site-packages\aiogram\dispatcher\middlewares\user_context.py", line 49, in __call__
    return await handler(event, data)
           ^^^^^^^^^^^^^^^^^^^^^^^^^^
  File "C:\Users\Артем\TelegramParserShop\venv\MarvelTeamBot\Lib\site-packages\aiogram\fsm\middleware.py", line 42, in __call__
    return await handler(event, data)
           ^^^^^^^^^^^^^^^^^^^^^^^^^^
  File "C:\Users\Артем\TelegramParserShop\venv\MarvelTeamBot\Lib\site-packages\aiogram\dispatcher\event\telegram.py", line 121, in trigger
    return await wrapped_inner(event, kwargs)
           ^^^^^^^^^^^^^^^^^^^^^^^^^^^^^^^^^^
  File "C:\Users\Артем\TelegramParserShop\venv\MarvelTeamBot\Lib\site-packages\aiogram\dispatcher\event\handler.py", line 43, in call
    return await wrapped()
           ^^^^^^^^^^^^^^^
  File "C:\Users\Артем\TelegramParserShop\venv\MarvelTeamBot\Lib\site-packages\aiogram\dispatcher\dispatcher.py", line 276, in _listen_update
    return await self.propagate_event(update_type=update_type, event=event, **kwargs)
           ^^^^^^^^^^^^^^^^^^^^^^^^^^^^^^^^^^^^^^^^^^^^^^^^^^^^^^^^^^^^^^^^^^^^^^^^^^
  File "C:\Users\Артем\TelegramParserShop\venv\MarvelTeamBot\Lib\site-packages\aiogram\dispatcher\router.py", line 142, in propagate_event
    return await observer.wrap_outer_middleware(_wrapped, event=event, data=kwargs)
           ^^^^^^^^^^^^^^^^^^^^^^^^^^^^^^^^^^^^^^^^^^^^^^^^^^^^^^^^^^^^^^^^^^^^^^^^
  File "C:\Users\Артем\TelegramParserShop\venv\MarvelTeamBot\Lib\site-packages\aiogram\dispatcher\router.py", line 137, in _wrapped
    return await self._propagate_event(
           ^^^^^^^^^^^^^^^^^^^^^^^^^^^^
  File "C:\Users\Артем\TelegramParserShop\venv\MarvelTeamBot\Lib\site-packages\aiogram\dispatcher\router.py", line 170, in _propagate_event
    response = await router.propagate_event(update_type=update_type, event=event, **kwargs)
               ^^^^^^^^^^^^^^^^^^^^^^^^^^^^^^^^^^^^^^^^^^^^^^^^^^^^^^^^^^^^^^^^^^^^^^^^^^^^
  File "C:\Users\Артем\TelegramParserShop\venv\MarvelTeamBot\Lib\site-packages\aiogram\dispatcher\router.py", line 142, in propagate_event
    return await observer.wrap_outer_middleware(_wrapped, event=event, data=kwargs)
           ^^^^^^^^^^^^^^^^^^^^^^^^^^^^^^^^^^^^^^^^^^^^^^^^^^^^^^^^^^^^^^^^^^^^^^^^
  File "C:\Users\Артем\TelegramParserShop\venv\MarvelTeamBot\Lib\site-packages\aiogram\dispatcher\router.py", line 137, in _wrapped
    return await self._propagate_event(
           ^^^^^^^^^^^^^^^^^^^^^^^^^^^^
  File "C:\Users\Артем\TelegramParserShop\venv\MarvelTeamBot\Lib\site-packages\aiogram\dispatcher\router.py", line 162, in _propagate_event
    response = await observer.trigger(event, **kwargs)
               ^^^^^^^^^^^^^^^^^^^^^^^^^^^^^^^^^^^^^^^
  File "C:\Users\Артем\TelegramParserShop\venv\MarvelTeamBot\Lib\site-packages\aiogram\dispatcher\event\telegram.py", line 121, in trigger
    return await wrapped_inner(event, kwargs)
           ^^^^^^^^^^^^^^^^^^^^^^^^^^^^^^^^^^
  File "C:\Users\Артем\MarvelTeamBot\nft_bot\middlewares.py", line 54, in __call__
    result = await handler(event, data)
             ^^^^^^^^^^^^^^^^^^^^^^^^^^
  File "C:\Users\Артем\MarvelTeamBot\nft_bot\middlewares.py", line 54, in __call__
    result = await handler(event, data)
             ^^^^^^^^^^^^^^^^^^^^^^^^^^
  File "C:\Users\Артем\TelegramParserShop\venv\MarvelTeamBot\Lib\site-packages\aiogram\dispatcher\event\handler.py", line 43, in call
    return await wrapped()
           ^^^^^^^^^^^^^^^
  File "C:\Users\Артем\MarvelTeamBot\nft_bot\main_handlers\profile_handlers.py", line 379, in choose_crypto
    crypto_text = get_translation(
                  ^^^^^^^^^^^^^^^^
  File "C:\Users\Артем\MarvelTeamBot\nft_bot\main.py", line 39, in get_translation
    return translation.format(**kwargs)
           ^^^^^^^^^^^^^^^^^^^^^^^^^^^^
KeyError: 'crypto_min_prices'
INFO:aiogram.event:Update id=321271292 is handled. Duration 234 ms by bot id=6786014112
ERROR:asyncio:Unclosed client session
client_session: <aiohttp.client.ClientSession object at 0x00000270C1705310>
INFO:aiogram.dispatcher:Start polling
INFO:aiogram.dispatcher:Run polling for bot @test_dev_shop_bot id=6786014112 - 'Test Development'
INFO:aiogram.event:Update id=321271293 is handled. Duration 608 ms by bot id=6786014112
INFO:aiogram.event:Update id=321271294 is handled. Duration 484 ms by bot id=6786014112
INFO:aiogram.event:Update id=321271295 is handled. Duration 562 ms by bot id=6786014112
INFO:aiogram.event:Update id=321271296 is handled. Duration 233 ms by bot id=6786014112
INFO:aiogram.event:Update id=321271297 is not handled. Duration 454 ms by bot id=6786014112
ERROR:aiogram.event:Cause exception while process update id=321271297 by bot id=6786014112
KeyError: 'crypto_min_prices'
Traceback (most recent call last):
  File "C:\Users\Артем\TelegramParserShop\venv\MarvelTeamBot\Lib\site-packages\aiogram\dispatcher\dispatcher.py", line 309, in _process_update
    response = await self.feed_update(bot, update, **kwargs)
               ^^^^^^^^^^^^^^^^^^^^^^^^^^^^^^^^^^^^^^^^^^^^^
  File "C:\Users\Артем\TelegramParserShop\venv\MarvelTeamBot\Lib\site-packages\aiogram\dispatcher\dispatcher.py", line 158, in feed_update
    response = await self.update.wrap_outer_middleware(
               ^^^^^^^^^^^^^^^^^^^^^^^^^^^^^^^^^^^^^^^^
  File "C:\Users\Артем\TelegramParserShop\venv\MarvelTeamBot\Lib\site-packages\aiogram\dispatcher\middlewares\error.py", line 25, in __call__
    return await handler(event, data)
           ^^^^^^^^^^^^^^^^^^^^^^^^^^
  File "C:\Users\Артем\TelegramParserShop\venv\MarvelTeamBot\Lib\site-packages\aiogram\dispatcher\middlewares\user_context.py", line 49, in __call__
    return await handler(event, data)
           ^^^^^^^^^^^^^^^^^^^^^^^^^^
  File "C:\Users\Артем\TelegramParserShop\venv\MarvelTeamBot\Lib\site-packages\aiogram\fsm\middleware.py", line 42, in __call__
    return await handler(event, data)
           ^^^^^^^^^^^^^^^^^^^^^^^^^^
  File "C:\Users\Артем\TelegramParserShop\venv\MarvelTeamBot\Lib\site-packages\aiogram\dispatcher\event\telegram.py", line 121, in trigger
    return await wrapped_inner(event, kwargs)
           ^^^^^^^^^^^^^^^^^^^^^^^^^^^^^^^^^^
  File "C:\Users\Артем\TelegramParserShop\venv\MarvelTeamBot\Lib\site-packages\aiogram\dispatcher\event\handler.py", line 43, in call
    return await wrapped()
           ^^^^^^^^^^^^^^^
  File "C:\Users\Артем\TelegramParserShop\venv\MarvelTeamBot\Lib\site-packages\aiogram\dispatcher\dispatcher.py", line 276, in _listen_update
    return await self.propagate_event(update_type=update_type, event=event, **kwargs)
           ^^^^^^^^^^^^^^^^^^^^^^^^^^^^^^^^^^^^^^^^^^^^^^^^^^^^^^^^^^^^^^^^^^^^^^^^^^
  File "C:\Users\Артем\TelegramParserShop\venv\MarvelTeamBot\Lib\site-packages\aiogram\dispatcher\router.py", line 142, in propagate_event
    return await observer.wrap_outer_middleware(_wrapped, event=event, data=kwargs)
           ^^^^^^^^^^^^^^^^^^^^^^^^^^^^^^^^^^^^^^^^^^^^^^^^^^^^^^^^^^^^^^^^^^^^^^^^
  File "C:\Users\Артем\TelegramParserShop\venv\MarvelTeamBot\Lib\site-packages\aiogram\dispatcher\router.py", line 137, in _wrapped
    return await self._propagate_event(
           ^^^^^^^^^^^^^^^^^^^^^^^^^^^^
  File "C:\Users\Артем\TelegramParserShop\venv\MarvelTeamBot\Lib\site-packages\aiogram\dispatcher\router.py", line 170, in _propagate_event
    response = await router.propagate_event(update_type=update_type, event=event, **kwargs)
               ^^^^^^^^^^^^^^^^^^^^^^^^^^^^^^^^^^^^^^^^^^^^^^^^^^^^^^^^^^^^^^^^^^^^^^^^^^^^
  File "C:\Users\Артем\TelegramParserShop\venv\MarvelTeamBot\Lib\site-packages\aiogram\dispatcher\router.py", line 142, in propagate_event
    return await observer.wrap_outer_middleware(_wrapped, event=event, data=kwargs)
           ^^^^^^^^^^^^^^^^^^^^^^^^^^^^^^^^^^^^^^^^^^^^^^^^^^^^^^^^^^^^^^^^^^^^^^^^
  File "C:\Users\Артем\TelegramParserShop\venv\MarvelTeamBot\Lib\site-packages\aiogram\dispatcher\router.py", line 137, in _wrapped
    return await self._propagate_event(
           ^^^^^^^^^^^^^^^^^^^^^^^^^^^^
  File "C:\Users\Артем\TelegramParserShop\venv\MarvelTeamBot\Lib\site-packages\aiogram\dispatcher\router.py", line 162, in _propagate_event
    response = await observer.trigger(event, **kwargs)
               ^^^^^^^^^^^^^^^^^^^^^^^^^^^^^^^^^^^^^^^
  File "C:\Users\Артем\TelegramParserShop\venv\MarvelTeamBot\Lib\site-packages\aiogram\dispatcher\event\telegram.py", line 121, in trigger
    return await wrapped_inner(event, kwargs)
           ^^^^^^^^^^^^^^^^^^^^^^^^^^^^^^^^^^
  File "C:\Users\Артем\MarvelTeamBot\nft_bot\middlewares.py", line 54, in __call__
    result = await handler(event, data)
             ^^^^^^^^^^^^^^^^^^^^^^^^^^
  File "C:\Users\Артем\MarvelTeamBot\nft_bot\middlewares.py", line 54, in __call__
    result = await handler(event, data)
             ^^^^^^^^^^^^^^^^^^^^^^^^^^
  File "C:\Users\Артем\TelegramParserShop\venv\MarvelTeamBot\Lib\site-packages\aiogram\dispatcher\event\handler.py", line 43, in call
    return await wrapped()
           ^^^^^^^^^^^^^^^
  File "C:\Users\Артем\MarvelTeamBot\nft_bot\main_handlers\profile_handlers.py", line 385, in choose_crypto
    crypto_text = get_translation(
                  ^^^^^^^^^^^^^^^^
  File "C:\Users\Артем\MarvelTeamBot\nft_bot\main.py", line 39, in get_translation
    return translation.format(**kwargs)
           ^^^^^^^^^^^^^^^^^^^^^^^^^^^^
KeyError: 'crypto_min_prices'
ERROR:asyncio:Unclosed client session
client_session: <aiohttp.client.ClientSession object at 0x00000238D9759670>
INFO:aiogram.dispatcher:Start polling
INFO:aiogram.dispatcher:Run polling for bot @test_dev_shop_bot id=6786014112 - 'Test Development'
INFO:aiogram.event:Update id=321271298 is handled. Duration 717 ms by bot id=6786014112
INFO:aiogram.event:Update id=321271299 is handled. Duration 359 ms by bot id=6786014112
INFO:aiogram.event:Update id=321271300 is handled. Duration 172 ms by bot id=6786014112
INFO:aiogram.event:Update id=321271301 is handled. Duration 188 ms by bot id=6786014112
INFO:aiogram.event:Update id=321271302 is handled. Duration 500 ms by bot id=6786014112
ERROR:asyncio:Unclosed client session
client_session: <aiohttp.client.ClientSession object at 0x000001C5022C5E50>
ERROR:asyncio:Unclosed connector
connections: ['[(<aiohttp.client_proto.ResponseHandler object at 0x000001C5022CD970>, 402762.953)]']
connector: <aiohttp.connector.TCPConnector object at 0x000001C500FC6CC0>
